# Logfile created on 2014-03-27 23:15:32 +0900 by logger.rb/44203
I, [2014-03-27T23:15:32.026717 #17997]  INFO -- : 0:  rake (10.2.1) from /usr/local/rvm/gems/ruby-2.1.0@rails4/specifications/rake-10.2.1.gemspec
I, [2014-03-27T23:15:32.027466 #17997]  INFO -- : 0:  i18n (0.6.9) from /usr/local/rvm/gems/ruby-2.1.0@rails4/specifications/i18n-0.6.9.gemspec
I, [2014-03-27T23:15:32.072035 #17997]  INFO -- : 0:  minitest (4.7.5) from /usr/local/rvm/gems/ruby-2.1.0@rails4/specifications/minitest-4.7.5.gemspec
I, [2014-03-27T23:15:32.073137 #17997]  INFO -- : 0:  multi_json (1.9.2) from /usr/local/rvm/gems/ruby-2.1.0@rails4/specifications/multi_json-1.9.2.gemspec
I, [2014-03-27T23:15:32.073856 #17997]  INFO -- : 0:  atomic (1.1.16) from /usr/local/rvm/gems/ruby-2.1.0@rails4/specifications/atomic-1.1.16.gemspec
I, [2014-03-27T23:15:32.074597 #17997]  INFO -- : 0:  thread_safe (0.3.1) from /usr/local/rvm/gems/ruby-2.1.0@rails4/specifications/thread_safe-0.3.1.gemspec
I, [2014-03-27T23:15:32.075356 #17997]  INFO -- : 0:  tzinfo (0.3.39) from /usr/local/rvm/gems/ruby-2.1.0@rails4/specifications/tzinfo-0.3.39.gemspec
I, [2014-03-27T23:15:32.076038 #17997]  INFO -- : 0:  activesupport (4.0.4) from /usr/local/rvm/gems/ruby-2.1.0@rails4/specifications/activesupport-4.0.4.gemspec
I, [2014-03-27T23:15:32.076693 #17997]  INFO -- : 0:  builder (3.1.4) from /usr/local/rvm/gems/ruby-2.1.0@rails4/specifications/builder-3.1.4.gemspec
I, [2014-03-27T23:15:32.077545 #17997]  INFO -- : 0:  erubis (2.7.0) from /usr/local/rvm/gems/ruby-2.1.0@rails4/specifications/erubis-2.7.0.gemspec
I, [2014-03-27T23:15:32.078249 #17997]  INFO -- : 0:  rack (1.5.2) from /usr/local/rvm/gems/ruby-2.1.0@rails4/specifications/rack-1.5.2.gemspec
I, [2014-03-27T23:15:32.078891 #17997]  INFO -- : 0:  rack-test (0.6.2) from /usr/local/rvm/gems/ruby-2.1.0@rails4/specifications/rack-test-0.6.2.gemspec
I, [2014-03-27T23:15:32.079632 #17997]  INFO -- : 0:  actionpack (4.0.4) from /usr/local/rvm/gems/ruby-2.1.0@rails4/specifications/actionpack-4.0.4.gemspec
I, [2014-03-27T23:15:32.080364 #17997]  INFO -- : 0:  mime-types (1.25.1) from /usr/local/rvm/gems/ruby-2.1.0@rails4/specifications/mime-types-1.25.1.gemspec
I, [2014-03-27T23:15:32.081070 #17997]  INFO -- : 0:  polyglot (0.3.4) from /usr/local/rvm/gems/ruby-2.1.0@rails4/specifications/polyglot-0.3.4.gemspec
I, [2014-03-27T23:15:32.081825 #17997]  INFO -- : 0:  treetop (1.4.15) from /usr/local/rvm/gems/ruby-2.1.0@rails4/specifications/treetop-1.4.15.gemspec
I, [2014-03-27T23:15:32.082575 #17997]  INFO -- : 0:  mail (2.5.4) from /usr/local/rvm/gems/ruby-2.1.0@rails4/specifications/mail-2.5.4.gemspec
I, [2014-03-27T23:15:32.083320 #17997]  INFO -- : 0:  actionmailer (4.0.4) from /usr/local/rvm/gems/ruby-2.1.0@rails4/specifications/actionmailer-4.0.4.gemspec
I, [2014-03-27T23:15:32.083954 #17997]  INFO -- : 0:  activemodel (4.0.4) from /usr/local/rvm/gems/ruby-2.1.0@rails4/specifications/activemodel-4.0.4.gemspec
I, [2014-03-27T23:15:32.084743 #17997]  INFO -- : 0:  activerecord-deprecated_finders (1.0.3) from /usr/local/rvm/gems/ruby-2.1.0@rails4/specifications/activerecord-deprecated_finders-1.0.3.gemspec
I, [2014-03-27T23:15:32.085505 #17997]  INFO -- : 0:  arel (4.0.2) from /usr/local/rvm/gems/ruby-2.1.0@rails4/specifications/arel-4.0.2.gemspec
I, [2014-03-27T23:15:32.086213 #17997]  INFO -- : 0:  activerecord (4.0.4) from /usr/local/rvm/gems/ruby-2.1.0@rails4/specifications/activerecord-4.0.4.gemspec
I, [2014-03-27T23:15:32.086829 #17997]  INFO -- : 0:  bundler (1.5.0) from /usr/local/rvm/gems/ruby-2.1.0@global/specifications/bundler-1.5.0.gemspec
I, [2014-03-27T23:15:32.087620 #17997]  INFO -- : 0:  coffee-script-source (1.7.0) from /usr/local/rvm/gems/ruby-2.1.0@rails4/specifications/coffee-script-source-1.7.0.gemspec
I, [2014-03-27T23:15:32.088339 #17997]  INFO -- : 0:  execjs (2.0.2) from /usr/local/rvm/gems/ruby-2.1.0@rails4/specifications/execjs-2.0.2.gemspec
I, [2014-03-27T23:15:32.089040 #17997]  INFO -- : 0:  coffee-script (2.2.0) from /usr/local/rvm/gems/ruby-2.1.0@rails4/specifications/coffee-script-2.2.0.gemspec
I, [2014-03-27T23:15:32.089788 #17997]  INFO -- : 0:  thor (0.19.1) from /usr/local/rvm/gems/ruby-2.1.0@rails4/specifications/thor-0.19.1.gemspec
I, [2014-03-27T23:15:32.090535 #17997]  INFO -- : 0:  railties (4.0.4) from /usr/local/rvm/gems/ruby-2.1.0@rails4/specifications/railties-4.0.4.gemspec
I, [2014-03-27T23:15:32.091299 #17997]  INFO -- : 0:  coffee-rails (4.0.1) from /usr/local/rvm/gems/ruby-2.1.0@rails4/specifications/coffee-rails-4.0.1.gemspec
I, [2014-03-27T23:15:32.092154 #17997]  INFO -- : 0:  hike (1.2.3) from /usr/local/rvm/gems/ruby-2.1.0@rails4/specifications/hike-1.2.3.gemspec
I, [2014-03-27T23:15:32.092874 #17997]  INFO -- : 0:  jbuilder (1.5.3) from /usr/local/rvm/gems/ruby-2.1.0@rails4/specifications/jbuilder-1.5.3.gemspec
I, [2014-03-27T23:15:32.093685 #17997]  INFO -- : 0:  jquery-rails (3.1.0) from /usr/local/rvm/gems/ruby-2.1.0@rails4/specifications/jquery-rails-3.1.0.gemspec
I, [2014-03-27T23:15:33.740167 #17997]  INFO -- : 0:  json (1.8.1) from /usr/local/rvm/gems/ruby-2.1.0@rails4/specifications/json-1.8.1.gemspec
I, [2014-03-27T23:15:33.740879 #17997]  INFO -- : 0:  tilt (1.4.1) from /usr/local/rvm/gems/ruby-2.1.0@rails4/specifications/tilt-1.4.1.gemspec
I, [2014-03-27T23:15:33.741393 #17997]  INFO -- : 0:  sprockets (2.11.0) from /usr/local/rvm/gems/ruby-2.1.0@rails4/specifications/sprockets-2.11.0.gemspec
I, [2014-03-27T23:15:33.741818 #17997]  INFO -- : 0:  sprockets-rails (2.0.1) from /usr/local/rvm/gems/ruby-2.1.0@rails4/specifications/sprockets-rails-2.0.1.gemspec
I, [2014-03-27T23:15:33.742329 #17997]  INFO -- : 0:  rails (4.0.4) from /usr/local/rvm/gems/ruby-2.1.0@rails4/specifications/rails-4.0.4.gemspec
I, [2014-03-27T23:15:33.742763 #17997]  INFO -- : 0:  rdoc (4.1.1) from /usr/local/rvm/gems/ruby-2.1.0@rails4/specifications/rdoc-4.1.1.gemspec
I, [2014-03-27T23:15:33.743408 #17997]  INFO -- : 0:  sass (3.2.18) from /usr/local/rvm/gems/ruby-2.1.0@rails4/specifications/sass-3.2.18.gemspec
I, [2014-03-27T23:15:33.744335 #17997]  INFO -- : 0:  sass-rails (4.0.2) from /usr/local/rvm/gems/ruby-2.1.0@rails4/specifications/sass-rails-4.0.2.gemspec
I, [2014-03-27T23:15:33.745026 #17997]  INFO -- : 0:  sdoc (0.4.0) from /usr/local/rvm/gems/ruby-2.1.0@rails4/specifications/sdoc-0.4.0.gemspec
E, [2014-03-27T23:15:34.038284 #17997] ERROR -- : Gem::Ext::BuildError: ERROR: Failed to build gem native extension.

    /usr/local/rvm/rubies/ruby-2.1.0/bin/ruby extconf.rb 
checking for sqlite3.h... no
sqlite3.h is missing. Try 'port install sqlite3 +universal',
'yum install sqlite-devel' or 'apt-get install libsqlite3-dev'
and check your shared library search path (the
location where your sqlite3 shared library is located).
*** extconf.rb failed ***
Could not create Makefile due to some reason, probably lack of necessary
libraries and/or headers.  Check the mkmf.log file for more details.  You may
need configuration options.

Provided configuration options:
	--with-opt-dir
	--without-opt-dir
	--with-opt-include
	--without-opt-include=${opt-dir}/include
	--with-opt-lib
	--without-opt-lib=${opt-dir}/lib
	--with-make-prog
	--without-make-prog
	--srcdir=.
	--curdir
	--ruby=/usr/local/rvm/rubies/ruby-2.1.0/bin/ruby
	--with-sqlite3-dir
	--without-sqlite3-dir
	--with-sqlite3-include
	--without-sqlite3-include=${sqlite3-dir}/include
	--with-sqlite3-lib
	--without-sqlite3-lib=${sqlite3-dir}/lib
	--enable-local
	--disable-local

extconf failed, exit code 1

Gem files will remain installed in /usr/local/rvm/gems/ruby-2.1.0@rails4/gems/sqlite3-1.3.9 for inspection.
Results logged to /usr/local/rvm/gems/ruby-2.1.0@rails4/extensions/x86_64-linux/2.1.0/sqlite3-1.3.9/gem_make.out

/usr/local/rvm/rubies/ruby-2.1.0/lib/ruby/site_ruby/2.1.0/rubygems/ext/builder.rb:89:in `run'  \n/usr/local/rvm/rubies/ruby-2.1.0/lib/ruby/site_ruby/2.1.0/rubygems/ext/ext_conf_builder.rb:37:in `block in build'  \n/usr/local/rvm/rubies/ruby-2.1.0/lib/ruby/2.1.0/tempfile.rb:324:in `open'  \n/usr/local/rvm/rubies/ruby-2.1.0/lib/ruby/site_ruby/2.1.0/rubygems/ext/ext_conf_builder.rb:17:in `build'  \n/usr/local/rvm/rubies/ruby-2.1.0/lib/ruby/site_ruby/2.1.0/rubygems/ext/builder.rb:161:in `block (2 levels) in build_extension'  \n/usr/local/rvm/rubies/ruby-2.1.0/lib/ruby/site_ruby/2.1.0/rubygems/ext/builder.rb:160:in `chdir'  \n/usr/local/rvm/rubies/ruby-2.1.0/lib/ruby/site_ruby/2.1.0/rubygems/ext/builder.rb:160:in `block in build_extension'  \n/usr/local/rvm/rubies/ruby-2.1.0/lib/ruby/site_ruby/2.1.0/rubygems/ext/builder.rb:159:in `synchronize'  \n/usr/local/rvm/rubies/ruby-2.1.0/lib/ruby/site_ruby/2.1.0/rubygems/ext/builder.rb:159:in `build_extension'  \n/usr/local/rvm/rubies/ruby-2.1.0/lib/ruby/site_ruby/2.1.0/rubygems/ext/builder.rb:198:in `block in build_extensions'  \n/usr/local/rvm/rubies/ruby-2.1.0/lib/ruby/site_ruby/2.1.0/rubygems/ext/builder.rb:195:in `each'  \n/usr/local/rvm/rubies/ruby-2.1.0/lib/ruby/site_ruby/2.1.0/rubygems/ext/builder.rb:195:in `build_extensions'  \n/usr/local/rvm/rubies/ruby-2.1.0/lib/ruby/site_ruby/2.1.0/rubygems/installer.rb:677:in `build_extensions'  \n/usr/local/rvm/rubies/ruby-2.1.0/lib/ruby/site_ruby/2.1.0/rubygems/installer.rb:232:in `install'  \n/usr/local/rvm/gems/ruby-2.1.0@global/gems/bundler-1.5.0/lib/bundler/source/rubygems.rb:101:in `block in install'  \n/usr/local/rvm/gems/ruby-2.1.0@global/gems/bundler-1.5.0/lib/bundler/rubygems_integration.rb:118:in `preserve_paths'  \n/usr/local/rvm/gems/ruby-2.1.0@global/gems/bundler-1.5.0/lib/bundler/source/rubygems.rb:94:in `install'  \n/usr/local/rvm/gems/ruby-2.1.0@global/gems/bundler-1.5.0/lib/bundler/installer.rb:111:in `block in install_gem_from_spec'  \n/usr/local/rvm/gems/ruby-2.1.0@global/gems/bundler-1.5.0/lib/bundler/rubygems_integration.rb:150:in `with_build_args'  \n/usr/local/rvm/gems/ruby-2.1.0@global/gems/bundler-1.5.0/lib/bundler/installer.rb:110:in `install_gem_from_spec'  \n/usr/local/rvm/gems/ruby-2.1.0@global/gems/bundler-1.5.0/lib/bundler/installer.rb:295:in `block in install_sequentially'  \n/usr/local/rvm/rubies/ruby-2.1.0/lib/ruby/2.1.0/forwardable.rb:183:in `each'  \n/usr/local/rvm/rubies/ruby-2.1.0/lib/ruby/2.1.0/forwardable.rb:183:in `each'  \n/usr/local/rvm/gems/ruby-2.1.0@global/gems/bundler-1.5.0/lib/bundler/installer.rb:294:in `install_sequentially'  \n/usr/local/rvm/gems/ruby-2.1.0@global/gems/bundler-1.5.0/lib/bundler/installer.rb:97:in `run'  \n/usr/local/rvm/gems/ruby-2.1.0@global/gems/bundler-1.5.0/lib/bundler/installer.rb:15:in `install'  \n/usr/local/rvm/gems/ruby-2.1.0@global/gems/bundler-1.5.0/lib/bundler/cli.rb:257:in `install'  \n/usr/local/rvm/gems/ruby-2.1.0@global/gems/bundler-1.5.0/lib/bundler/vendor/thor/command.rb:27:in `run'  \n/usr/local/rvm/gems/ruby-2.1.0@global/gems/bundler-1.5.0/lib/bundler/vendor/thor/invocation.rb:120:in `invoke_command'  \n/usr/local/rvm/gems/ruby-2.1.0@global/gems/bundler-1.5.0/lib/bundler/vendor/thor.rb:363:in `dispatch'  \n/usr/local/rvm/gems/ruby-2.1.0@global/gems/bundler-1.5.0/lib/bundler/vendor/thor/base.rb:438:in `start'  \n/usr/local/rvm/gems/ruby-2.1.0@global/gems/bundler-1.5.0/lib/bundler/cli.rb:10:in `start'  \n/usr/local/rvm/gems/ruby-2.1.0@global/gems/bundler-1.5.0/bin/bundle:22:in `block in <top (required)>'  \n/usr/local/rvm/gems/ruby-2.1.0@global/gems/bundler-1.5.0/lib/bundler/friendly_errors.rb:5:in `with_friendly_errors'  \n/usr/local/rvm/gems/ruby-2.1.0@global/gems/bundler-1.5.0/bin/bundle:22:in `<top (required)>'  \n/usr/local/rvm/gems/ruby-2.1.0@global/bin/bundle:23:in `load'  \n/usr/local/rvm/gems/ruby-2.1.0@global/bin/bundle:23:in `<main>'  \n/usr/local/rvm/gems/ruby-2.1.0@rails4/bin/ruby_executable_hooks:15:in `eval'  \n/usr/local/rvm/gems/ruby-2.1.0@rails4/bin/ruby_executable_hooks:15:in `<main>'
I, [2014-03-27T23:17:57.892856 #18095]  INFO -- : 0:  rake (10.2.1) from /usr/local/rvm/gems/ruby-2.1.0@rails4/specifications/rake-10.2.1.gemspec
I, [2014-03-27T23:17:57.893700 #18095]  INFO -- : 0:  i18n (0.6.9) from /usr/local/rvm/gems/ruby-2.1.0@rails4/specifications/i18n-0.6.9.gemspec
I, [2014-03-27T23:17:57.938238 #18095]  INFO -- : 0:  minitest (4.7.5) from /usr/local/rvm/gems/ruby-2.1.0@rails4/specifications/minitest-4.7.5.gemspec
I, [2014-03-27T23:17:57.939315 #18095]  INFO -- : 0:  multi_json (1.9.2) from /usr/local/rvm/gems/ruby-2.1.0@rails4/specifications/multi_json-1.9.2.gemspec
I, [2014-03-27T23:17:57.940166 #18095]  INFO -- : 0:  atomic (1.1.16) from /usr/local/rvm/gems/ruby-2.1.0@rails4/specifications/atomic-1.1.16.gemspec
I, [2014-03-27T23:17:57.941017 #18095]  INFO -- : 0:  thread_safe (0.3.1) from /usr/local/rvm/gems/ruby-2.1.0@rails4/specifications/thread_safe-0.3.1.gemspec
I, [2014-03-27T23:17:57.941778 #18095]  INFO -- : 0:  tzinfo (0.3.39) from /usr/local/rvm/gems/ruby-2.1.0@rails4/specifications/tzinfo-0.3.39.gemspec
I, [2014-03-27T23:17:57.942640 #18095]  INFO -- : 0:  activesupport (4.0.4) from /usr/local/rvm/gems/ruby-2.1.0@rails4/specifications/activesupport-4.0.4.gemspec
I, [2014-03-27T23:17:57.948467 #18095]  INFO -- : 0:  builder (3.1.4) from /usr/local/rvm/gems/ruby-2.1.0@rails4/specifications/builder-3.1.4.gemspec
I, [2014-03-27T23:17:57.949298 #18095]  INFO -- : 0:  erubis (2.7.0) from /usr/local/rvm/gems/ruby-2.1.0@rails4/specifications/erubis-2.7.0.gemspec
I, [2014-03-27T23:17:57.949927 #18095]  INFO -- : 0:  rack (1.5.2) from /usr/local/rvm/gems/ruby-2.1.0@rails4/specifications/rack-1.5.2.gemspec
I, [2014-03-27T23:17:57.950845 #18095]  INFO -- : 0:  rack-test (0.6.2) from /usr/local/rvm/gems/ruby-2.1.0@rails4/specifications/rack-test-0.6.2.gemspec
I, [2014-03-27T23:17:57.951816 #18095]  INFO -- : 0:  actionpack (4.0.4) from /usr/local/rvm/gems/ruby-2.1.0@rails4/specifications/actionpack-4.0.4.gemspec
I, [2014-03-27T23:17:57.952728 #18095]  INFO -- : 0:  mime-types (1.25.1) from /usr/local/rvm/gems/ruby-2.1.0@rails4/specifications/mime-types-1.25.1.gemspec
I, [2014-03-27T23:17:57.953697 #18095]  INFO -- : 0:  polyglot (0.3.4) from /usr/local/rvm/gems/ruby-2.1.0@rails4/specifications/polyglot-0.3.4.gemspec
I, [2014-03-27T23:17:57.954684 #18095]  INFO -- : 0:  treetop (1.4.15) from /usr/local/rvm/gems/ruby-2.1.0@rails4/specifications/treetop-1.4.15.gemspec
I, [2014-03-27T23:17:57.955666 #18095]  INFO -- : 0:  mail (2.5.4) from /usr/local/rvm/gems/ruby-2.1.0@rails4/specifications/mail-2.5.4.gemspec
I, [2014-03-27T23:17:57.956641 #18095]  INFO -- : 0:  actionmailer (4.0.4) from /usr/local/rvm/gems/ruby-2.1.0@rails4/specifications/actionmailer-4.0.4.gemspec
I, [2014-03-27T23:17:57.957612 #18095]  INFO -- : 0:  activemodel (4.0.4) from /usr/local/rvm/gems/ruby-2.1.0@rails4/specifications/activemodel-4.0.4.gemspec
I, [2014-03-27T23:17:57.958271 #18095]  INFO -- : 0:  activerecord-deprecated_finders (1.0.3) from /usr/local/rvm/gems/ruby-2.1.0@rails4/specifications/activerecord-deprecated_finders-1.0.3.gemspec
I, [2014-03-27T23:17:57.958862 #18095]  INFO -- : 0:  arel (4.0.2) from /usr/local/rvm/gems/ruby-2.1.0@rails4/specifications/arel-4.0.2.gemspec
I, [2014-03-27T23:17:57.959524 #18095]  INFO -- : 0:  activerecord (4.0.4) from /usr/local/rvm/gems/ruby-2.1.0@rails4/specifications/activerecord-4.0.4.gemspec
I, [2014-03-27T23:17:57.960122 #18095]  INFO -- : 0:  bundler (1.5.0) from /usr/local/rvm/gems/ruby-2.1.0@global/specifications/bundler-1.5.0.gemspec
I, [2014-03-27T23:17:57.960722 #18095]  INFO -- : 0:  coffee-script-source (1.7.0) from /usr/local/rvm/gems/ruby-2.1.0@rails4/specifications/coffee-script-source-1.7.0.gemspec
I, [2014-03-27T23:17:57.961433 #18095]  INFO -- : 0:  execjs (2.0.2) from /usr/local/rvm/gems/ruby-2.1.0@rails4/specifications/execjs-2.0.2.gemspec
I, [2014-03-27T23:17:57.962156 #18095]  INFO -- : 0:  coffee-script (2.2.0) from /usr/local/rvm/gems/ruby-2.1.0@rails4/specifications/coffee-script-2.2.0.gemspec
I, [2014-03-27T23:17:57.962772 #18095]  INFO -- : 0:  thor (0.19.1) from /usr/local/rvm/gems/ruby-2.1.0@rails4/specifications/thor-0.19.1.gemspec
I, [2014-03-27T23:17:57.963428 #18095]  INFO -- : 0:  railties (4.0.4) from /usr/local/rvm/gems/ruby-2.1.0@rails4/specifications/railties-4.0.4.gemspec
I, [2014-03-27T23:17:57.964040 #18095]  INFO -- : 0:  coffee-rails (4.0.1) from /usr/local/rvm/gems/ruby-2.1.0@rails4/specifications/coffee-rails-4.0.1.gemspec
I, [2014-03-27T23:17:57.964664 #18095]  INFO -- : 0:  hike (1.2.3) from /usr/local/rvm/gems/ruby-2.1.0@rails4/specifications/hike-1.2.3.gemspec
I, [2014-03-27T23:17:57.965375 #18095]  INFO -- : 0:  jbuilder (1.5.3) from /usr/local/rvm/gems/ruby-2.1.0@rails4/specifications/jbuilder-1.5.3.gemspec
I, [2014-03-27T23:17:57.966040 #18095]  INFO -- : 0:  jquery-rails (3.1.0) from /usr/local/rvm/gems/ruby-2.1.0@rails4/specifications/jquery-rails-3.1.0.gemspec
I, [2014-03-27T23:17:59.201653 #18095]  INFO -- : 0:  json (1.8.1) from /usr/local/rvm/gems/ruby-2.1.0@rails4/specifications/json-1.8.1.gemspec
I, [2014-03-27T23:17:59.202559 #18095]  INFO -- : 0:  tilt (1.4.1) from /usr/local/rvm/gems/ruby-2.1.0@rails4/specifications/tilt-1.4.1.gemspec
I, [2014-03-27T23:17:59.203212 #18095]  INFO -- : 0:  sprockets (2.11.0) from /usr/local/rvm/gems/ruby-2.1.0@rails4/specifications/sprockets-2.11.0.gemspec
I, [2014-03-27T23:17:59.203798 #18095]  INFO -- : 0:  sprockets-rails (2.0.1) from /usr/local/rvm/gems/ruby-2.1.0@rails4/specifications/sprockets-rails-2.0.1.gemspec
I, [2014-03-27T23:17:59.204514 #18095]  INFO -- : 0:  rails (4.0.4) from /usr/local/rvm/gems/ruby-2.1.0@rails4/specifications/rails-4.0.4.gemspec
I, [2014-03-27T23:17:59.205133 #18095]  INFO -- : 0:  rdoc (4.1.1) from /usr/local/rvm/gems/ruby-2.1.0@rails4/specifications/rdoc-4.1.1.gemspec
I, [2014-03-27T23:17:59.205700 #18095]  INFO -- : 0:  sass (3.2.18) from /usr/local/rvm/gems/ruby-2.1.0@rails4/specifications/sass-3.2.18.gemspec
I, [2014-03-27T23:17:59.206363 #18095]  INFO -- : 0:  sass-rails (4.0.2) from /usr/local/rvm/gems/ruby-2.1.0@rails4/specifications/sass-rails-4.0.2.gemspec
I, [2014-03-27T23:17:59.206774 #18095]  INFO -- : 0:  sdoc (0.4.0) from /usr/local/rvm/gems/ruby-2.1.0@rails4/specifications/sdoc-0.4.0.gemspec
I, [2014-03-27T23:17:59.939407 #18095]  INFO -- : 0:  turbolinks (2.2.1) from /usr/local/rvm/gems/ruby-2.1.0@rails4/specifications/turbolinks-2.2.1.gemspec
I, [2014-03-27T23:18:00.741632 #18095]  INFO -- : 0:  uglifier (2.5.0) from /usr/local/rvm/gems/ruby-2.1.0@rails4/specifications/uglifier-2.5.0.gemspec
